Build started 2/24/2015 7:22:23 AM.
     1>Project "C:\Users\Arnoldo\documents\visual studio 2012\Projects\MediaStore\MediaStore\MediaStore.vcxproj" on node 2 (Build target(s)).
     1>ClCompile:
         C:\Program Files (x86)\Microsoft Visual Studio 11.0\VC\bin\CL.exe /c /ZI /nologo /W3 /WX- /Od /Oy- /D _MBCS /Gm /EHsc /RTC1 /MDd /GS /fp:precise /Zc:wchar_t /Zc:forScope /Fo"Debug\\" /Fd"Debug\vc110.pdb" /Gd /TP /analyze- /errorReport:prompt ClassicalCD.cpp ClientTable.cpp Customer.cpp DVD.cpp HashTable.cpp Inventory.cpp InventoryTable.cpp Item.cpp main.cpp RockCD.cpp Store.cpp Transaction.cpp
         Transaction.cpp
         Store.cpp
         RockCD.cpp
         main.cpp
         Item.cpp
         InventoryTable.cpp
         Inventory.cpp
         HashTable.cpp
         DVD.cpp
         Customer.cpp
         ClientTable.cpp
         Generating Code...
     1>c:\users\arnoldo\documents\visual studio 2012\projects\mediastore\mediastore\main.cpp(10): warning C4700: uninitialized local variable 'a' used
         Skipping... (no relevant changes detected)
         ClassicalCD.cpp
       Link:
         C:\Program Files (x86)\Microsoft Visual Studio 11.0\VC\bin\link.exe /ERRORREPORT:PROMPT /OUT:"C:\Users\Arnoldo\documents\visual studio 2012\Projects\MediaStore\Debug\MediaStore.exe" /INCREMENTAL /NOLOGO kernel32.lib user32.lib gdi32.lib winspool.lib comdlg32.lib advapi32.lib shell32.lib ole32.lib oleaut32.lib uuid.lib odbc32.lib odbccp32.lib /MANIFEST /MANIFESTUAC:"level='asInvoker' uiAccess='false'" /manifest:embed /DEBUG /PDB:"C:\Users\Arnoldo\documents\visual studio 2012\Projects\MediaStore\Debug\MediaStore.pdb" /TLBID:1 /DYNAMICBASE /NXCOMPAT /IMPLIB:"C:\Users\Arnoldo\documents\visual studio 2012\Projects\MediaStore\Debug\MediaStore.lib" /MACHINE:X86 Debug\ClassicalCD.obj
         Debug\ClientTable.obj
         Debug\Customer.obj
         Debug\DVD.obj
         Debug\HashTable.obj
         Debug\Inventory.obj
         Debug\InventoryTable.obj
         Debug\Item.obj
         Debug\main.obj
         Debug\RockCD.obj
         Debug\Store.obj
         Debug\Transaction.obj
         MediaStore.vcxproj -> C:\Users\Arnoldo\documents\visual studio 2012\Projects\MediaStore\Debug\MediaStore.exe
     1>Done Building Project "C:\Users\Arnoldo\documents\visual studio 2012\Projects\MediaStore\MediaStore\MediaStore.vcxproj" (Build target(s)).

Build succeeded.

Time Elapsed 00:00:07.46
